mode: set
demo/util/util.go:18.80,24.16 3 0
demo/util/util.go:27.2,27.12 1 0
demo/util/util.go:24.16,26.3 1 0
demo/util/util.go:30.26,32.2 1 0
demo/util/util.go:34.26,35.30 1 1
demo/util/util.go:35.30,40.3 4 1
demo/util/util.go:43.28,46.2 2 0
demo/util/util.go:48.41,51.2 2 0
demo/util/util.go:60.33,63.67 3 0
demo/util/util.go:74.2,74.20 1 0
demo/util/util.go:63.67,64.18 1 0
demo/util/util.go:67.3,67.76 1 0
demo/util/util.go:71.3,72.11 2 0
demo/util/util.go:64.18,66.4 1 0
demo/util/util.go:67.76,70.4 2 0
demo/util/util.go:77.58,80.12 3 0
demo/util/util.go:80.12,83.22 3 0
demo/util/util.go:83.22,85.38 2 0
demo/util/util.go:89.4,92.110 4 0
demo/util/util.go:85.38,87.10 2 0
demo/util/util.go:97.61,99.12 2 0
demo/util/util.go:99.12,102.7 3 0
demo/util/util.go:102.7,104.38 2 0
demo/util/util.go:108.4,112.56 5 0
demo/util/util.go:104.38,106.10 2 0
demo/util/util.go:117.30,120.12 3 0
demo/util/util.go:120.12,127.3 6 0
demo/util/util.go:131.79,137.14 6 1
demo/util/util.go:140.2,144.18 5 1
demo/util/util.go:137.14,139.3 1 0
